<?xml version="1.0" encoding="UTF-8"?>
<testsuite xmlns:xsi="http://www.w3.org/2001/XMLSchema-instance" xsi:noNamespaceSchemaLocation="https://maven.apache.org/surefire/maven-surefire-plugin/xsd/surefire-test-report.xsd" version="3.0.2" name="com.test.resource.MoveResourceIT" time="12.775" tests="1" errors="0" skipped="0" failures="0">
  <properties>
[...]
</properties>
  <testcase name="testApiV2MoveEndpoint" classname="com.test.resource.MoveResourceIT" time="3.41">
    <system-out><![CDATA[&amp#27;[38;5;145m2025-09-03 04:43:09,023&amp#27;[39m&amp#27;[38;5;188m &amp#27;[39m&amp#27;[38;5;137mWARN &amp#27;[39m&amp#27;[38;5;188m [&amp#27;[39m&amp#27;[38;5;69mio.qua.res.cli.rea.dep.RestClientReactiveProcessor&amp#27;[39m&amp#27;[38;5;188m] (&amp#27;[39m&amp#27;[38;5;71mbuild-18&amp#27;[39m&amp#27;[38;5;188m) &amp#27;[39m&amp#27;[38;5;151mUnsupported default scope javax.inject.Singleton provided for REST client com.test.resource.PokeApiClient. Defaulting to jakarta.enterprise.context.ApplicationScoped&amp#27;[39m&amp#27;[38;5;203m&amp#27;[39m&amp#27;[38;5;227m
&amp#27;[39m&amp#27;[38;5;145m2025-09-03 04:43:11,102&amp#27;[39m&amp#27;[38;5;188m &amp#27;[39m&amp#27;[38;5;137mWARN &amp#27;[39m&amp#27;[38;5;188m [&amp#27;[39m&amp#27;[38;5;69mio.qua.config&amp#27;[39m&amp#27;[38;5;188m] (&amp#27;[39m&amp#27;[38;5;71mmain&amp#27;[39m&amp#27;[38;5;188m) &amp#27;[39m&amp#27;[38;5;151mUnrecognized configuration key "quarkus.log.file.enabled" was provided; it will be ignored; verify that the dependency extension for this configuration is set or that you did not make a typo&amp#27;[39m&amp#27;[38;5;203m&amp#27;[39m&amp#27;[38;5;227m
&amp#27;[39m&amp#27;[38;5;145m2025-09-03 04:43:12,591&amp#27;[39m&amp#27;[38;5;188m &amp#27;[39m&amp#27;[38;5;107mINFO &amp#27;[39m&amp#27;[38;5;188m [&amp#27;[39m&amp#27;[38;5;69mio.quarkus&amp#27;[39m&amp#27;[38;5;188m] (&amp#27;[39m&amp#27;[38;5;71mmain&amp#27;[39m&amp#27;[38;5;188m) &amp#27;[39m&amp#27;[38;5;151m&amp#27;[39m&amp#27;[38;5;188mquarkus-api 1.0.0-SNAPSHOT&amp#27;[39m &amp#27;[38;5;188mon JVM&amp#27;[39m (powered by Quarkus &amp#27;[38;5;188m3.15.1&amp#27;[39m) started in &amp#27;[38;5;188m6.824&amp#27;[39ms. &amp#27;[38;5;188mListening on: http://localhost:8081&amp#27;[39m&amp#27;[39m&amp#27;[38;5;203m&amp#27;[39m&amp#27;[38;5;227m
&amp#27;[39m&amp#27;[38;5;145m2025-09-03 04:43:12,592&amp#27;[39m&amp#27;[38;5;188m &amp#27;[39m&amp#27;[38;5;107mINFO &amp#27;[39m&amp#27;[38;5;188m [&amp#27;[39m&amp#27;[38;5;69mio.quarkus&amp#27;[39m&amp#27;[38;5;188m] (&amp#27;[39m&amp#27;[38;5;71mmain&amp#27;[39m&amp#27;[38;5;188m) &amp#27;[39m&amp#27;[38;5;151m&amp#27;[39mProfile&amp#27;[38;5;188m&amp#27;[39m &amp#27;[38;5;188mtest&amp#27;[39m activated. &amp#27;[38;5;188m&amp#27;[39m&amp#27;[39m&amp#27;[38;5;203m&amp#27;[39m&amp#27;[38;5;227m
&amp#27;[39m&amp#27;[38;5;145m2025-09-03 04:43:12,592&amp#27;[39m&amp#27;[38;5;188m &amp#27;[39m&amp#27;[38;5;107mINFO &amp#27;[39m&amp#27;[38;5;188m [&amp#27;[39m&amp#27;[38;5;69mio.quarkus&amp#27;[39m&amp#27;[38;5;188m] (&amp#27;[39m&amp#27;[38;5;71mmain&amp#27;[39m&amp#27;[38;5;188m) &amp#27;[39m&amp#27;[38;5;151m&amp#27;[39mInstalled features: [&amp#27;[38;5;188mcdi, hibernate-validator, rest, rest-client, rest-client-jsonb, scheduler, smallrye-context-propagation, smallrye-fault-tolerance, vertx&amp#27;[39m]&amp#27;[39m&amp#27;[38;5;203m&amp#27;[39m&amp#27;[38;5;227m
&amp#27;[39mCabeceras entrantes: [Accept=*/*,Accept-Encoding=gzip,deflate,Connection=Keep-Alive,Host=localhost:8081,User-Agent=Apache-HttpClient/4.5.14 (Java/17.0.12)]
]]></system-out>
  </testcase>
</testsuite>